<?xml version="1.0" encoding="UTF-8"?>
<!-- Generated by org.testng.reporters.JUnitReportReporter -->
<testsuite skipped="0" hostname="vivek-ubuntu" name="Bookings.ListenerClass1" tests="1" failures="0" timestamp="2020-12-24T19:29:50 IST" time="0.006" errors="0">
  <testcase name="tc1" time="0.006" classname="Bookings.ListenerClass1"/>
  <system-out/>
</testsuite> <!-- Bookings.ListenerClass1 -->
