<?xml version="1.0" encoding="UTF-8"?>
<!-- Generated by org.testng.reporters.JUnitReportReporter -->
<testsuite skipped="0" hostname="vivek-ubuntu" name="Bookings.BookHotel" tests="3" failures="0" timestamp="2020-12-23T20:41:42 IST" time="0.003" errors="0">
  <testcase name="BookHotel_Checkout" time="0.001" classname="Bookings.BookHotel"/>
  <system-out/>
  <testcase name="BookHotel_Destination" time="0.001" classname="Bookings.BookHotel"/>
  <system-out/>
  <testcase name="BookHotel_Checkin" time="0.001" classname="Bookings.BookHotel"/>
  <system-out/>
</testsuite> <!-- Bookings.BookHotel -->
