<?xml version="1.0" encoding="UTF-8"?>
<!-- Generated by org.testng.reporters.JUnitReportReporter -->
<testsuite skipped="0" hostname="vivek-ubuntu" name="Bookings.pmt" tests="1" failures="0" timestamp="2020-12-24T19:29:50 IST" time="0.001" errors="0">
  <testcase name="tc1" time="0.001" classname="Bookings.pmt"/>
  <system-out/>
</testsuite> <!-- Bookings.pmt -->
