<?xml version="1.0" encoding="UTF-8"?>
<!-- Generated by org.testng.reporters.JUnitReportReporter -->
<testsuite skipped="0" hostname="vivek-ubuntu" name="OnlineCheckin.CheckinOnline" tests="2" failures="0" timestamp="2020-12-24T19:29:50 IST" time="0.002" errors="0">
  <testcase name="CheckinOnline_PNR_Number" time="0.001" classname="OnlineCheckin.CheckinOnline"/>
  <system-out/>
  <testcase name="CheckinOnline_PNR_Number2" time="0.001" classname="OnlineCheckin.CheckinOnline"/>
  <system-out/>
</testsuite> <!-- OnlineCheckin.CheckinOnline -->
