<?xml version="1.0" encoding="UTF-8"?>
<!-- Generated by org.testng.reporters.JUnitReportReporter -->
<testsuite skipped="0" hostname="vivek-ubuntu" name="Bookings.BookHoliday" tests="1" failures="0" timestamp="2020-12-24T19:29:50 IST" time="0.000" errors="0">
  <testcase name="Bookholiday_Destination" time="0.000" classname="Bookings.BookHoliday"/>
  <system-out/>
</testsuite> <!-- Bookings.BookHoliday -->
