<?xml version="1.0" encoding="UTF-8"?>
<!-- Generated by org.testng.reporters.JUnitReportReporter -->
<testsuite skipped="0" hostname="vivek-ubuntu" name="Bookings.BookHoliday" tests="3" failures="0" timestamp="2020-12-23T20:41:42 IST" time="0.011" errors="0">
  <testcase name="Bookholiday_Departure" time="0.008" classname="Bookings.BookHoliday"/>
  <system-out/>
  <testcase name="Bookholiday_Return" time="0.001" classname="Bookings.BookHoliday"/>
  <system-out/>
  <testcase name="Bookholiday_Destination" time="0.002" classname="Bookings.BookHoliday"/>
  <system-out/>
</testsuite> <!-- Bookings.BookHoliday -->
