<?xml version="1.0" encoding="UTF-8"?>
<!-- Generated by org.testng.reporters.JUnitReportReporter -->
<testsuite skipped="0" hostname="vivek-ubuntu" name="Bookings.pmtdp" tests="4" failures="0" timestamp="2020-12-24T19:29:50 IST" time="0.003" errors="0">
  <testcase name="testcase1" time="0.001" classname="Bookings.pmtdp"/>
  <system-out/>
  <testcase name="testcase1" time="0.000" classname="Bookings.pmtdp"/>
  <system-out/>
  <testcase name="testcase1" time="0.001" classname="Bookings.pmtdp"/>
  <system-out/>
  <testcase name="testcase1" time="0.001" classname="Bookings.pmtdp"/>
  <system-out/>
</testsuite> <!-- Bookings.pmtdp -->
