<?xml version="1.0" encoding="UTF-8"?>
<!-- Generated by org.testng.reporters.JUnitReportReporter -->
<testsuite skipped="1" hostname="vivek-ubuntu" name="Bookings.BookFlight" tests="4" failures="0" timestamp="2020-12-23T20:41:42 IST" time="0.003" errors="0">
  <testcase name="BookFlight_OneWay_TestCase4" time="0.001" classname="Bookings.BookFlight"/>
  <system-out/>
  <testcase name="BookFlight_RoundTrip_TestCase1" time="0.001" classname="Bookings.BookFlight"/>
  <system-out/>
  <testcase name="BookFlight_RoundTrip_TestCase2" time="0.001" classname="Bookings.BookFlight"/>
  <system-out/>
  <testcase name="BookFlight_OneWay_TestCase3" classname="Bookings.BookFlight">
    <skipped/>
  </testcase> <!-- BookFlight_OneWay_TestCase3 -->
  <system-out/>
</testsuite> <!-- Bookings.BookFlight -->
